c:\users\michal\desktop\parkowanie\debug\vc142.pdb
c:\users\michal\desktop\parkowanie\debug\vc142.idb
c:\users\michal\desktop\parkowanie\debug\torus.obj
c:\users\michal\desktop\parkowanie\debug\teapot.obj
c:\users\michal\desktop\parkowanie\debug\sphere.obj
c:\users\michal\desktop\parkowanie\debug\shaderprogram.obj
c:\users\michal\desktop\parkowanie\debug\model.obj
c:\users\michal\desktop\parkowanie\debug\main_file.obj
c:\users\michal\desktop\parkowanie\debug\lodepng.obj
c:\users\michal\desktop\parkowanie\debug\cube.obj
c:\users\michal\desktop\parkowanie\debug\camera.obj
c:\users\michal\desktop\parkowanie\debug\basic.obj
c:\users\michal\desktop\parkowanie\debug\parkowanie.exe
c:\users\michal\desktop\parkowanie\debug\parkowanie.ilk
c:\users\michal\desktop\parkowanie\debug\parkowanie.pdb
c:\users\michal\desktop\parkowanie\debug\custommodel.obj
c:\users\michal\desktop\parkowanie\debug\pl_szkielet_03_win.ilk
c:\users\michal\desktop\parkowanie\debug\pl_szkielet_03_win.pdb
c:\users\michal\desktop\parkowanie\debug\parkowanie.tlog\cl.command.1.tlog
c:\users\michal\desktop\parkowanie\debug\parkowanie.tlog\cl.read.1.tlog
c:\users\michal\desktop\parkowanie\debug\parkowanie.tlog\cl.write.1.tlog
c:\users\michal\desktop\parkowanie\debug\parkowanie.tlog\link.command.1.tlog
c:\users\michal\desktop\parkowanie\debug\parkowanie.tlog\link.read.1.tlog
c:\users\michal\desktop\parkowanie\debug\parkowanie.tlog\link.write.1.tlog
