c:\users\michal\desktop\opengl project\debug\vc142.pdb
c:\users\michal\desktop\opengl project\debug\vc142.idb
c:\users\michal\desktop\opengl project\debug\torus.obj
c:\users\michal\desktop\opengl project\debug\teapot.obj
c:\users\michal\desktop\opengl project\debug\sphere.obj
c:\users\michal\desktop\opengl project\debug\shaderprogram.obj
c:\users\michal\desktop\opengl project\debug\model.obj
c:\users\michal\desktop\opengl project\debug\mesh.obj
c:\users\michal\desktop\opengl project\debug\main_file.obj
c:\users\michal\desktop\opengl project\debug\lodepng.obj
c:\users\michal\desktop\opengl project\debug\cube.obj
c:\users\michal\desktop\opengl project\debug\custommodel.obj
c:\users\michal\desktop\opengl project\debug\pl_szkielet_03_win.ilk
c:\users\michal\desktop\opengl project\debug\pl_szkielet_03_win.exe
c:\users\michal\desktop\opengl project\debug\pl_szkielet_03_win.pdb
c:\users\michal\desktop\opengl project\debug\pl_szkie.7288c82c.tlog\cl.command.1.tlog
c:\users\michal\desktop\opengl project\debug\pl_szkie.7288c82c.tlog\cl.read.1.tlog
c:\users\michal\desktop\opengl project\debug\pl_szkie.7288c82c.tlog\cl.write.1.tlog
c:\users\michal\desktop\opengl project\debug\pl_szkie.7288c82c.tlog\link.command.1.tlog
c:\users\michal\desktop\opengl project\debug\pl_szkie.7288c82c.tlog\link.read.1.tlog
c:\users\michal\desktop\opengl project\debug\pl_szkie.7288c82c.tlog\link.write.1.tlog
