c:\users\michal\desktop\parkowanie\release\vc142.pdb
c:\users\michal\desktop\parkowanie\release\truck.obj
c:\users\michal\desktop\parkowanie\release\torus.obj
c:\users\michal\desktop\parkowanie\release\teapot.obj
c:\users\michal\desktop\parkowanie\release\sphere.obj
c:\users\michal\desktop\parkowanie\release\sky.obj
c:\users\michal\desktop\parkowanie\release\shaderprogram.obj
c:\users\michal\desktop\parkowanie\release\model.obj
c:\users\michal\desktop\parkowanie\release\main_file.obj
c:\users\michal\desktop\parkowanie\release\lodepng.obj
c:\users\michal\desktop\parkowanie\release\cube.obj
c:\users\michal\desktop\parkowanie\release\camera.obj
c:\users\michal\desktop\parkowanie\release\basic.obj
c:\users\michal\desktop\parkowanie\release\arrow.obj
c:\users\michal\desktop\parkowanie\release\parkowanie.exe
c:\users\michal\desktop\parkowanie\release\parkowanie.pdb
c:\users\michal\desktop\parkowanie\release\parkowanie.ipdb
c:\users\michal\desktop\parkowanie\release\parkowanie.iobj
c:\users\michal\desktop\parkowanie\release\parkowanie.tlog\cl.command.1.tlog
c:\users\michal\desktop\parkowanie\release\parkowanie.tlog\cl.read.1.tlog
c:\users\michal\desktop\parkowanie\release\parkowanie.tlog\cl.write.1.tlog
c:\users\michal\desktop\parkowanie\release\parkowanie.tlog\link.command.1.tlog
c:\users\michal\desktop\parkowanie\release\parkowanie.tlog\link.delete.1.tlog
c:\users\michal\desktop\parkowanie\release\parkowanie.tlog\link.read.1.tlog
c:\users\michal\desktop\parkowanie\release\parkowanie.tlog\link.write.1.tlog
c:\users\michal\desktop\parkowanie\release\parkowanie.tlog\parkowanie.write.1u.tlog
